<?xml version="1.0" encoding="UTF-8"?>
<testng-results skipped="0" failed="0" ignored="0" total="1" passed="1">
  <reporter-output>
  </reporter-output>
  <suite name="Suite" duration-ms="27209" started-at="2020-05-08T00:29:33Z" finished-at="2020-05-08T00:30:00Z">
    <groups>
    </groups>
    <test name="Test" duration-ms="27209" started-at="2020-05-08T00:29:33Z" finished-at="2020-05-08T00:30:00Z">
      <class name="TestNG_Excel.TNG_Excel.PF_FBExcel">
        <test-method status="PASS" signature="browseropen()[pri:0, instance:TestNG_Excel.TNG_Excel.PF_FBExcel@1ce4f0a]" name="browseropen" is-config="true" duration-ms="9481" started-at="2020-05-08T00:29:33Z" finished-at="2020-05-08T00:29:42Z">
          <reporter-output>
          </reporter-output>
        </test-method> <!-- browseropen -->
        <test-method status="PASS" signature="A_loginpage()[pri:0, instance:TestNG_Excel.TNG_Excel.PF_FBExcel@1ce4f0a]" name="A_loginpage" duration-ms="17618" started-at="2020-05-08T00:29:42Z" finished-at="2020-05-08T00:30:00Z">
          <reporter-output>
          </reporter-output>
        </test-method> <!-- A_loginpage -->
      </class> <!-- TestNG_Excel.TNG_Excel.PF_FBExcel -->
    </test> <!-- Test -->
  </suite> <!-- Suite -->
</testng-results>
